<?xml version="1.0" encoding="UTF-8"?>
<!-- Generated by org.testng.reporters.JUnitReportReporter -->
<testsuite hostname="rajneesh" failures="0" tests="1" name="rajneesh.Maventest" time="1.223" errors="0" timestamp="17 Oct 2019 06:29:07 GMT">
  <testcase classname="rajneesh.Maventest" name="login" time="1.223"/>
</testsuite> <!-- rajneesh.Maventest -->
